<?xml version="1.0" encoding="UTF-8"?>
<!-- Generated by org.testng.reporters.JUnitReportReporter -->
<testsuite hostname="Rajesh314" failures="0" tests="1" name="com.kareclouds.testscripts.TC002" time="14.086" errors="0" timestamp="2023-11-03T09:24:51 IST" skipped="0">
  <testcase classname="com.kareclouds.testscripts.TC002" name="tc002" time="14.086"/>
  <system-out>
    <![CDATA[Application opened
Title not matched
Kareclouds Hospital & Research Center
login fun completed
Title not matched
Kareclouds Hospital & Research Center
Application closed]]>
  </system-out>
</testsuite> <!-- com.kareclouds.testscripts.TC002 -->
